{"numFailedTestSuites":0,"numFailedTests":0,"numPassedTestSuites":6,"numPassedTests":11,"numPendingTestSuites":0,"numPendingTests":0,"numRuntimeErrorTestSuites":0,"numTodoTests":0,"numTotalTestSuites":6,"numTotalTests":11,"openHandles":[],"snapshot":{"added":0,"didUpdate":false,"failure":false,"filesAdded":0,"filesRemoved":0,"filesUnmatched":0,"filesUpdated":0,"matched":5,"total":5,"unchecked":0,"uncheckedKeysByFile":[],"unmatched":0,"updated":0},"startTime":1557066463207,"success":true,"testResults":[{"assertionResults":[{"ancestorTitles":["blogs reducer"],"failureMessages":[],"fullName":"blogs reducer should return the initial state","location":null,"status":"passed","title":"should return the initial state"},{"ancestorTitles":["blogs reducer"],"failureMessages":[],"fullName":"blogs reducer should handle GET_BLOGS_PENDING","location":null,"status":"passed","title":"should handle GET_BLOGS_PENDING"},{"ancestorTitles":["blogs reducer"],"failureMessages":[],"fullName":"blogs reducer should handle GET_BLOGS_FULFILLED","location":null,"status":"passed","title":"should handle GET_BLOGS_FULFILLED"},{"ancestorTitles":["blogs reducer"],"failureMessages":[],"fullName":"blogs reducer should handle CLEAN_BLOGS","location":null,"status":"passed","title":"should handle CLEAN_BLOGS"}],"endTime":1557066467781,"message":"","name":"/Users/AlanChao/Documents/project/react-component/src/reducers/__tests__/blogs.spec.js","startTime":1557066466584,"status":"passed","summary":""},{"assertionResults":[{"ancestorTitles":[],"failureMessages":[],"fullName":"should have default value: Close","location":null,"status":"passed","title":"should have default value: Close"},{"ancestorTitles":[],"failureMessages":[],"fullName":"should become Open after click","location":null,"status":"passed","title":"should become Open after click"}],"endTime":1557066467791,"message":"","name":"/Users/AlanChao/Documents/project/react-component/src/components/atoms/ToggleButton/__tests__/ToggleButton.spec.js","startTime":1557066466462,"status":"passed","summary":""},{"assertionResults":[{"ancestorTitles":["async actions"],"failureMessages":[],"fullName":"async actions create GET_BLOGS_FULFILLED when fetch blogs has been done","location":null,"status":"passed","title":"create GET_BLOGS_FULFILLED when fetch blogs has been done"},{"ancestorTitles":["async actions"],"failureMessages":[],"fullName":"async actions create the empty list when fetch blogs with error","location":null,"status":"passed","title":"create the empty list when fetch blogs with error"}],"endTime":1557066468057,"message":"","name":"/Users/AlanChao/Documents/project/react-component/src/actions/__tests__/blog.spec.js","startTime":1557066466465,"status":"passed","summary":""},{"assertionResults":[{"ancestorTitles":[],"failureMessages":[],"fullName":"should have items property","location":null,"status":"passed","title":"should have items property"}],"endTime":1557066468950,"message":"","name":"/Users/AlanChao/Documents/project/react-component/src/components/atoms/List/__tests__/List.spec.js","startTime":1557066468637,"status":"passed","summary":""},{"assertionResults":[{"ancestorTitles":[],"failureMessages":[],"fullName":"__interactive","location":null,"status":"passed","title":"__interactive"}],"endTime":1557066468987,"message":"","name":"/Users/AlanChao/Documents/project/react-component/src/components/atoms/List/__tests__/List.stories.js","startTime":1557066468133,"status":"passed","summary":""},{"assertionResults":[{"ancestorTitles":[],"failureMessages":[],"fullName":"__interactive","location":null,"status":"passed","title":"__interactive"}],"endTime":1557066469135,"message":"","name":"/Users/AlanChao/Documents/project/react-component/src/components/atoms/ToggleButton/__tests__/ToggleButton.stories.js","startTime":1557066468186,"status":"passed","summary":""}],"wasInterrupted":false}